{"/Users/sol/dev/solncebro/telegram-engine/src/broadcast/broadcaster.ts": {"path":"/Users/sol/dev/solncebro/telegram-engine/src/broadcast/broadcaster.ts","statementMap":{"0":{"start":{"line":2,"column":0},"end":{"line":2,"column":64}},"1":{"start":{"line":3,"column":0},"end":{"line":3,"column":39}},"2":{"start":{"line":5,"column":26},"end":{"line":101,"column":1}},"3":{"start":{"line":10,"column":20},"end":{"line":26,"column":3}},"4":{"start":{"line":14,"column":28},"end":{"line":23,"column":6}},"5":{"start":{"line":15,"column":6},"end":{"line":22,"column":7}},"6":{"start":{"line":16,"column":8},"end":{"line":16,"column":67}},"7":{"start":{"line":18,"column":8},"end":{"line":21,"column":11}},"8":{"start":{"line":25,"column":4},"end":{"line":25,"column":39}},"9":{"start":{"line":28,"column":27},"end":{"line":54,"column":3}},"10":{"start":{"line":33,"column":28},"end":{"line":51,"column":6}},"11":{"start":{"line":34,"column":6},"end":{"line":50,"column":7}},"12":{"start":{"line":34,"column":19},"end":{"line":34,"column":20}},"13":{"start":{"line":35,"column":24},"end":{"line":35,"column":38}},"14":{"start":{"line":37,"column":8},"end":{"line":49,"column":9}},"15":{"start":{"line":38,"column":10},"end":{"line":38,"column":69}},"16":{"start":{"line":40,"column":10},"end":{"line":42,"column":11}},"17":{"start":{"line":41,"column":12},"end":{"line":41,"column":39}},"18":{"start":{"line":44,"column":10},"end":{"line":48,"column":13}},"19":{"start":{"line":53,"column":4},"end":{"line":53,"column":39}},"20":{"start":{"line":56,"column":21},"end":{"line":98,"column":3}},"21":{"start":{"line":62,"column":28},"end":{"line":95,"column":6}},"22":{"start":{"line":63,"column":6},"end":{"line":94,"column":7}},"23":{"start":{"line":64,"column":27},"end":{"line":69,"column":10}},"24":{"start":{"line":71,"column":8},"end":{"line":73,"column":9}},"25":{"start":{"line":72,"column":10},"end":{"line":72,"column":17}},"26":{"start":{"line":75,"column":21},"end":{"line":75,"column":64}},"27":{"start":{"line":77,"column":8},"end":{"line":79,"column":9}},"28":{"start":{"line":78,"column":10},"end":{"line":78,"column":74}},"29":{"start":{"line":78,"column":63},"end":{"line":78,"column":72}},"30":{"start":{"line":81,"column":8},"end":{"line":81,"column":50}},"31":{"start":{"line":84,"column":10},"end":{"line":86,"column":35}},"32":{"start":{"line":88,"column":8},"end":{"line":88,"column":55}},"33":{"start":{"line":90,"column":8},"end":{"line":93,"column":11}},"34":{"start":{"line":97,"column":4},"end":{"line":97,"column":39}},"35":{"start":{"line":100,"column":2},"end":{"line":100,"column":53}},"36":{"start":{"line":103,"column":9},"end":{"line":103,"column":26}}},"fnMap":{"0":{"name":"(anonymous_0)","decl":{"start":{"line":5,"column":26},"end":{"line":5,"column":27}},"loc":{"start":{"line":9,"column":41},"end":{"line":101,"column":1}}},"1":{"name":"(anonymous_1)","decl":{"start":{"line":10,"column":20},"end":{"line":10,"column":25}},"loc":{"start":{"line":13,"column":21},"end":{"line":26,"column":3}}},"2":{"name":"(anonymous_2)","decl":{"start":{"line":14,"column":46},"end":{"line":14,"column":51}},"loc":{"start":{"line":14,"column":61},"end":{"line":23,"column":5}}},"3":{"name":"(anonymous_3)","decl":{"start":{"line":28,"column":27},"end":{"line":28,"column":32}},"loc":{"start":{"line":32,"column":21},"end":{"line":54,"column":3}}},"4":{"name":"(anonymous_4)","decl":{"start":{"line":33,"column":46},"end":{"line":33,"column":51}},"loc":{"start":{"line":33,"column":61},"end":{"line":51,"column":5}}},"5":{"name":"(anonymous_5)","decl":{"start":{"line":56,"column":21},"end":{"line":56,"column":26}},"loc":{"start":{"line":61,"column":38},"end":{"line":98,"column":3}}},"6":{"name":"(anonymous_6)","decl":{"start":{"line":62,"column":46},"end":{"line":62,"column":51}},"loc":{"start":{"line":62,"column":61},"end":{"line":95,"column":5}}},"7":{"name":"(anonymous_7)","decl":{"start":{"line":78,"column":57},"end":{"line":78,"column":60}},"loc":{"start":{"line":78,"column":63},"end":{"line":78,"column":72}}}},"branchMap":{"0":{"loc":{"start":{"line":12,"column":4},"end":{"line":12,"column":25}},"type":"default-arg","locations":[{"start":{"line":12,"column":20},"end":{"line":12,"column":25}}]},"1":{"loc":{"start":{"line":20,"column":17},"end":{"line":20,"column":71}},"type":"cond-expr","locations":[{"start":{"line":20,"column":42},"end":{"line":20,"column":55}},{"start":{"line":20,"column":58},"end":{"line":20,"column":71}}]},"2":{"loc":{"start":{"line":30,"column":4},"end":{"line":30,"column":54}},"type":"default-arg","locations":[{"start":{"line":30,"column":28},"end":{"line":30,"column":54}}]},"3":{"loc":{"start":{"line":31,"column":4},"end":{"line":31,"column":25}},"type":"default-arg","locations":[{"start":{"line":31,"column":20},"end":{"line":31,"column":25}}]},"4":{"loc":{"start":{"line":40,"column":10},"end":{"line":42,"column":11}},"type":"if","locations":[{"start":{"line":40,"column":10},"end":{"line":42,"column":11}},{"start":{},"end":{}}]},"5":{"loc":{"start":{"line":47,"column":19},"end":{"line":47,"column":73}},"type":"cond-expr","locations":[{"start":{"line":47,"column":44},"end":{"line":47,"column":57}},{"start":{"line":47,"column":60},"end":{"line":47,"column":73}}]},"6":{"loc":{"start":{"line":59,"column":4},"end":{"line":59,"column":23}},"type":"default-arg","locations":[{"start":{"line":59,"column":21},"end":{"line":59,"column":23}}]},"7":{"loc":{"start":{"line":60,"column":4},"end":{"line":60,"column":25}},"type":"default-arg","locations":[{"start":{"line":60,"column":20},"end":{"line":60,"column":25}}]},"8":{"loc":{"start":{"line":71,"column":8},"end":{"line":73,"column":9}},"type":"if","locations":[{"start":{"line":71,"column":8},"end":{"line":73,"column":9}},{"start":{},"end":{}}]},"9":{"loc":{"start":{"line":75,"column":21},"end":{"line":75,"column":64}},"type":"binary-expr","locations":[{"start":{"line":75,"column":21},"end":{"line":75,"column":58}},{"start":{"line":75,"column":62},"end":{"line":75,"column":64}}]},"10":{"loc":{"start":{"line":77,"column":8},"end":{"line":79,"column":9}},"type":"if","locations":[{"start":{"line":77,"column":8},"end":{"line":79,"column":9}},{"start":{},"end":{}}]},"11":{"loc":{"start":{"line":84,"column":10},"end":{"line":86,"column":35}},"type":"cond-expr","locations":[{"start":{"line":85,"column":14},"end":{"line":85,"column":44}},{"start":{"line":86,"column":14},"end":{"line":86,"column":35}}]},"12":{"loc":{"start":{"line":92,"column":17},"end":{"line":92,"column":71}},"type":"cond-expr","locations":[{"start":{"line":92,"column":42},"end":{"line":92,"column":55}},{"start":{"line":92,"column":58},"end":{"line":92,"column":71}}]}},"s":{"0":2,"1":2,"2":2,"3":9,"4":2,"5":3,"6":3,"7":1,"8":2,"9":9,"10":3,"11":3,"12":3,"13":5,"14":5,"15":5,"16":4,"17":2,"18":1,"19":3,"20":9,"21":4,"22":4,"23":4,"24":3,"25":1,"26":2,"27":2,"28":1,"29":0,"30":2,"31":2,"32":2,"33":1,"34":4,"35":9,"36":2},"f":{"0":9,"1":2,"2":3,"3":3,"4":3,"5":4,"6":4,"7":0},"b":{"0":[2],"1":[1,0],"2":[0],"3":[2],"4":[2,2],"5":[1,0],"6":[2],"7":[3],"8":[1,2],"9":[2,1],"10":[1,1],"11":[1,1],"12":[1,0]}}
,"/Users/sol/dev/solncebro/telegram-engine/src/broadcast/reporter.ts": {"path":"/Users/sol/dev/solncebro/telegram-engine/src/broadcast/reporter.ts","statementMap":{"0":{"start":{"line":3,"column":23},"end":{"line":31,"column":1}},"1":{"start":{"line":4,"column":22},"end":{"line":15,"column":3}},"2":{"start":{"line":8,"column":4},"end":{"line":14,"column":5}},"3":{"start":{"line":9,"column":6},"end":{"line":9,"column":58}},"4":{"start":{"line":11,"column":6},"end":{"line":13,"column":16}},"5":{"start":{"line":12,"column":8},"end":{"line":12,"column":73}},"6":{"start":{"line":17,"column":22},"end":{"line":28,"column":3}},"7":{"start":{"line":21,"column":4},"end":{"line":27,"column":5}},"8":{"start":{"line":22,"column":6},"end":{"line":22,"column":43}},"9":{"start":{"line":24,"column":6},"end":{"line":26,"column":16}},"10":{"start":{"line":25,"column":8},"end":{"line":25,"column":58}},"11":{"start":{"line":30,"column":2},"end":{"line":30,"column":38}},"12":{"start":{"line":33,"column":9},"end":{"line":33,"column":23}}},"fnMap":{"0":{"name":"(anonymous_0)","decl":{"start":{"line":3,"column":23},"end":{"line":3,"column":24}},"loc":{"start":{"line":3,"column":73},"end":{"line":31,"column":1}}},"1":{"name":"(anonymous_1)","decl":{"start":{"line":4,"column":22},"end":{"line":4,"column":27}},"loc":{"start":{"line":7,"column":21},"end":{"line":15,"column":3}}},"2":{"name":"(anonymous_2)","decl":{"start":{"line":17,"column":22},"end":{"line":17,"column":27}},"loc":{"start":{"line":20,"column":21},"end":{"line":28,"column":3}}}},"branchMap":{"0":{"loc":{"start":{"line":6,"column":4},"end":{"line":6,"column":25}},"type":"default-arg","locations":[{"start":{"line":6,"column":20},"end":{"line":6,"column":25}}]}},"s":{"0":2,"1":5,"2":2,"3":2,"4":1,"5":1,"6":5,"7":3,"8":3,"9":2,"10":2,"11":5,"12":2},"f":{"0":5,"1":2,"2":3},"b":{"0":[2]}}
,"/Users/sol/dev/solncebro/telegram-engine/src/command/commandRegistrar.ts": {"path":"/Users/sol/dev/solncebro/telegram-engine/src/command/commandRegistrar.ts","statementMap":{"0":{"start":{"line":7,"column":28},"end":{"line":96,"column":1}},"1":{"start":{"line":15,"column":30},"end":{"line":18,"column":5}},"2":{"start":{"line":15,"column":83},"end":{"line":18,"column":4}},"3":{"start":{"line":20,"column":2},"end":{"line":20,"column":56}},"4":{"start":{"line":22,"column":20},"end":{"line":30,"column":3}},"5":{"start":{"line":23,"column":4},"end":{"line":25,"column":5}},"6":{"start":{"line":24,"column":6},"end":{"line":24,"column":18}},"7":{"start":{"line":27,"column":19},"end":{"line":27,"column":46}},"8":{"start":{"line":29,"column":4},"end":{"line":29,"column":47}},"9":{"start":{"line":32,"column":2},"end":{"line":49,"column":3}},"10":{"start":{"line":33,"column":4},"end":{"line":48,"column":7}},"11":{"start":{"line":34,"column":6},"end":{"line":36,"column":7}},"12":{"start":{"line":35,"column":8},"end":{"line":35,"column":15}},"13":{"start":{"line":38,"column":6},"end":{"line":47,"column":7}},"14":{"start":{"line":39,"column":8},"end":{"line":39,"column":31}},"15":{"start":{"line":41,"column":23},"end":{"line":41,"column":50}},"16":{"start":{"line":43,"column":8},"end":{"line":46,"column":11}},"17":{"start":{"line":51,"column":2},"end":{"line":68,"column":3}},"18":{"start":{"line":52,"column":4},"end":{"line":67,"column":7}},"19":{"start":{"line":53,"column":6},"end":{"line":55,"column":7}},"20":{"start":{"line":54,"column":8},"end":{"line":54,"column":15}},"21":{"start":{"line":57,"column":6},"end":{"line":66,"column":7}},"22":{"start":{"line":58,"column":8},"end":{"line":58,"column":44}},"23":{"start":{"line":60,"column":23},"end":{"line":60,"column":50}},"24":{"start":{"line":62,"column":8},"end":{"line":65,"column":11}},"25":{"start":{"line":70,"column":2},"end":{"line":87,"column":3}},"26":{"start":{"line":71,"column":4},"end":{"line":86,"column":7}},"27":{"start":{"line":72,"column":6},"end":{"line":74,"column":7}},"28":{"start":{"line":73,"column":8},"end":{"line":73,"column":15}},"29":{"start":{"line":76,"column":6},"end":{"line":85,"column":7}},"30":{"start":{"line":77,"column":8},"end":{"line":77,"column":38}},"31":{"start":{"line":79,"column":23},"end":{"line":79,"column":50}},"32":{"start":{"line":81,"column":8},"end":{"line":84,"column":11}},"33":{"start":{"line":89,"column":2},"end":{"line":95,"column":5}},"34":{"start":{"line":90,"column":4},"end":{"line":94,"column":7}},"35":{"start":{"line":98,"column":9},"end":{"line":98,"column":28}}},"fnMap":{"0":{"name":"(anonymous_0)","decl":{"start":{"line":7,"column":28},"end":{"line":7,"column":33}},"loc":{"start":{"line":14,"column":45},"end":{"line":96,"column":1}}},"1":{"name":"(anonymous_1)","decl":{"start":{"line":15,"column":52},"end":{"line":15,"column":53}},"loc":{"start":{"line":15,"column":83},"end":{"line":18,"column":4}}},"2":{"name":"(anonymous_2)","decl":{"start":{"line":22,"column":20},"end":{"line":22,"column":21}},"loc":{"start":{"line":22,"column":50},"end":{"line":30,"column":3}}},"3":{"name":"(anonymous_3)","decl":{"start":{"line":33,"column":25},"end":{"line":33,"column":30}},"loc":{"start":{"line":33,"column":43},"end":{"line":48,"column":5}}},"4":{"name":"(anonymous_4)","decl":{"start":{"line":52,"column":29},"end":{"line":52,"column":34}},"loc":{"start":{"line":52,"column":47},"end":{"line":67,"column":5}}},"5":{"name":"(anonymous_5)","decl":{"start":{"line":71,"column":22},"end":{"line":71,"column":27}},"loc":{"start":{"line":71,"column":40},"end":{"line":86,"column":5}}},"6":{"name":"(anonymous_6)","decl":{"start":{"line":89,"column":12},"end":{"line":89,"column":13}},"loc":{"start":{"line":89,"column":31},"end":{"line":95,"column":3}}}},"branchMap":{"0":{"loc":{"start":{"line":23,"column":4},"end":{"line":25,"column":5}},"type":"if","locations":[{"start":{"line":23,"column":4},"end":{"line":25,"column":5}},{"start":{},"end":{}}]},"1":{"loc":{"start":{"line":27,"column":22},"end":{"line":27,"column":44}},"type":"binary-expr","locations":[{"start":{"line":27,"column":22},"end":{"line":27,"column":38}},{"start":{"line":27,"column":42},"end":{"line":27,"column":44}}]},"2":{"loc":{"start":{"line":34,"column":6},"end":{"line":36,"column":7}},"type":"if","locations":[{"start":{"line":34,"column":6},"end":{"line":36,"column":7}},{"start":{},"end":{}}]},"3":{"loc":{"start":{"line":41,"column":26},"end":{"line":41,"column":48}},"type":"binary-expr","locations":[{"start":{"line":41,"column":26},"end":{"line":41,"column":42}},{"start":{"line":41,"column":46},"end":{"line":41,"column":48}}]},"4":{"loc":{"start":{"line":44,"column":17},"end":{"line":44,"column":71}},"type":"cond-expr","locations":[{"start":{"line":44,"column":42},"end":{"line":44,"column":55}},{"start":{"line":44,"column":58},"end":{"line":44,"column":71}}]},"5":{"loc":{"start":{"line":51,"column":2},"end":{"line":68,"column":3}},"type":"if","locations":[{"start":{"line":51,"column":2},"end":{"line":68,"column":3}},{"start":{},"end":{}}]},"6":{"loc":{"start":{"line":53,"column":6},"end":{"line":55,"column":7}},"type":"if","locations":[{"start":{"line":53,"column":6},"end":{"line":55,"column":7}},{"start":{},"end":{}}]},"7":{"loc":{"start":{"line":60,"column":26},"end":{"line":60,"column":48}},"type":"binary-expr","locations":[{"start":{"line":60,"column":26},"end":{"line":60,"column":42}},{"start":{"line":60,"column":46},"end":{"line":60,"column":48}}]},"8":{"loc":{"start":{"line":63,"column":17},"end":{"line":63,"column":71}},"type":"cond-expr","locations":[{"start":{"line":63,"column":42},"end":{"line":63,"column":55}},{"start":{"line":63,"column":58},"end":{"line":63,"column":71}}]},"9":{"loc":{"start":{"line":70,"column":2},"end":{"line":87,"column":3}},"type":"if","locations":[{"start":{"line":70,"column":2},"end":{"line":87,"column":3}},{"start":{},"end":{}}]},"10":{"loc":{"start":{"line":72,"column":6},"end":{"line":74,"column":7}},"type":"if","locations":[{"start":{"line":72,"column":6},"end":{"line":74,"column":7}},{"start":{},"end":{}}]},"11":{"loc":{"start":{"line":79,"column":26},"end":{"line":79,"column":48}},"type":"binary-expr","locations":[{"start":{"line":79,"column":26},"end":{"line":79,"column":42}},{"start":{"line":79,"column":46},"end":{"line":79,"column":48}}]},"12":{"loc":{"start":{"line":82,"column":17},"end":{"line":82,"column":71}},"type":"cond-expr","locations":[{"start":{"line":82,"column":42},"end":{"line":82,"column":55}},{"start":{"line":82,"column":58},"end":{"line":82,"column":71}}]},"13":{"loc":{"start":{"line":91,"column":13},"end":{"line":91,"column":67}},"type":"cond-expr","locations":[{"start":{"line":91,"column":38},"end":{"line":91,"column":51}},{"start":{"line":91,"column":54},"end":{"line":91,"column":67}}]}},"s":{"0":2,"1":20,"2":9,"3":20,"4":20,"5":12,"6":9,"7":3,"8":3,"9":20,"10":9,"11":6,"12":1,"13":5,"14":5,"15":3,"16":3,"17":20,"18":4,"19":3,"20":1,"21":2,"22":2,"23":1,"24":1,"25":20,"26":4,"27":3,"28":1,"29":2,"30":2,"31":1,"32":1,"33":20,"34":2,"35":2},"f":{"0":20,"1":9,"2":12,"3":6,"4":3,"5":3,"6":2},"b":{"0":[9,3],"1":[3,0],"2":[1,5],"3":[3,1],"4":[2,1],"5":[4,16],"6":[1,2],"7":[1,0],"8":[1,0],"9":[4,16],"10":[1,2],"11":[1,0],"12":[1,0],"13":[1,1]}}
,"/Users/sol/dev/solncebro/telegram-engine/src/core/accessControl.ts": {"path":"/Users/sol/dev/solncebro/telegram-engine/src/core/accessControl.ts","statementMap":{"0":{"start":{"line":6,"column":28},"end":{"line":28,"column":1}},"1":{"start":{"line":9,"column":18},"end":{"line":9,"column":42}},"2":{"start":{"line":11,"column":24},"end":{"line":17,"column":3}},"3":{"start":{"line":12,"column":4},"end":{"line":14,"column":5}},"4":{"start":{"line":13,"column":6},"end":{"line":13,"column":18}},"5":{"start":{"line":16,"column":4},"end":{"line":16,"column":29}},"6":{"start":{"line":19,"column":18},"end":{"line":21,"column":3}},"7":{"start":{"line":20,"column":4},"end":{"line":20,"column":22}},"8":{"start":{"line":23,"column":21},"end":{"line":25,"column":3}},"9":{"start":{"line":24,"column":4},"end":{"line":24,"column":25}},"10":{"start":{"line":27,"column":2},"end":{"line":27,"column":48}},"11":{"start":{"line":30,"column":9},"end":{"line":30,"column":28}}},"fnMap":{"0":{"name":"(anonymous_0)","decl":{"start":{"line":6,"column":28},"end":{"line":6,"column":29}},"loc":{"start":{"line":8,"column":45},"end":{"line":28,"column":1}}},"1":{"name":"(anonymous_1)","decl":{"start":{"line":11,"column":24},"end":{"line":11,"column":25}},"loc":{"start":{"line":11,"column":50},"end":{"line":17,"column":3}}},"2":{"name":"(anonymous_2)","decl":{"start":{"line":19,"column":18},"end":{"line":19,"column":19}},"loc":{"start":{"line":19,"column":41},"end":{"line":21,"column":3}}},"3":{"name":"(anonymous_3)","decl":{"start":{"line":23,"column":21},"end":{"line":23,"column":22}},"loc":{"start":{"line":23,"column":44},"end":{"line":25,"column":3}}}},"branchMap":{"0":{"loc":{"start":{"line":12,"column":4},"end":{"line":14,"column":5}},"type":"if","locations":[{"start":{"line":12,"column":4},"end":{"line":14,"column":5}},{"start":{},"end":{}}]}},"s":{"0":4,"1":10,"2":10,"3":10,"4":2,"5":8,"6":10,"7":1,"8":10,"9":1,"10":10,"11":4},"f":{"0":10,"1":10,"2":1,"3":1},"b":{"0":[2,8]}}
,"/Users/sol/dev/solncebro/telegram-engine/src/core/botRegistry.ts": {"path":"/Users/sol/dev/solncebro/telegram-engine/src/core/botRegistry.ts","statementMap":{"0":{"start":{"line":9,"column":0},"end":{"line":9,"column":54}},"1":{"start":{"line":10,"column":0},"end":{"line":10,"column":40}},"2":{"start":{"line":11,"column":0},"end":{"line":11,"column":40}},"3":{"start":{"line":13,"column":26},"end":{"line":72,"column":1}},"4":{"start":{"line":17,"column":30},"end":{"line":17,"column":62}},"5":{"start":{"line":18,"column":24},"end":{"line":18,"column":64}},"6":{"start":{"line":20,"column":19},"end":{"line":31,"column":3}},"7":{"start":{"line":21,"column":21},"end":{"line":21,"column":36}},"8":{"start":{"line":22,"column":19},"end":{"line":26,"column":6}},"9":{"start":{"line":23,"column":20},"end":{"line":23,"column":32}},"10":{"start":{"line":28,"column":4},"end":{"line":28,"column":64}},"11":{"start":{"line":30,"column":4},"end":{"line":30,"column":20}},"12":{"start":{"line":33,"column":14},"end":{"line":34,"column":36}},"13":{"start":{"line":34,"column":4},"end":{"line":34,"column":36}},"14":{"start":{"line":36,"column":17},"end":{"line":40,"column":3}},"15":{"start":{"line":37,"column":23},"end":{"line":37,"column":55}},"16":{"start":{"line":39,"column":4},"end":{"line":39,"column":36}},"17":{"start":{"line":42,"column":29},"end":{"line":46,"column":3}},"18":{"start":{"line":43,"column":23},"end":{"line":43,"column":55}},"19":{"start":{"line":45,"column":4},"end":{"line":45,"column":30}},"20":{"start":{"line":48,"column":20},"end":{"line":54,"column":3}},"21":{"start":{"line":49,"column":30},"end":{"line":50,"column":null}},"22":{"start":{"line":50,"column":24},"end":{"line":50,"column":41}},"23":{"start":{"line":53,"column":4},"end":{"line":53,"column":41}},"24":{"start":{"line":56,"column":18},"end":{"line":62,"column":3}},"25":{"start":{"line":57,"column":28},"end":{"line":58,"column":null}},"26":{"start":{"line":58,"column":24},"end":{"line":58,"column":45}},"27":{"start":{"line":61,"column":4},"end":{"line":61,"column":39}},"28":{"start":{"line":64,"column":2},"end":{"line":71,"column":4}},"29":{"start":{"line":74,"column":9},"end":{"line":74,"column":26}}},"fnMap":{"0":{"name":"(anonymous_0)","decl":{"start":{"line":13,"column":26},"end":{"line":13,"column":27}},"loc":{"start":{"line":16,"column":46},"end":{"line":72,"column":1}}},"1":{"name":"(anonymous_1)","decl":{"start":{"line":20,"column":19},"end":{"line":20,"column":20}},"loc":{"start":{"line":20,"column":56},"end":{"line":31,"column":3}}},"2":{"name":"(anonymous_2)","decl":{"start":{"line":23,"column":14},"end":{"line":23,"column":17}},"loc":{"start":{"line":23,"column":20},"end":{"line":23,"column":32}}},"3":{"name":"(anonymous_3)","decl":{"start":{"line":33,"column":14},"end":{"line":33,"column":15}},"loc":{"start":{"line":34,"column":4},"end":{"line":34,"column":36}}},"4":{"name":"(anonymous_4)","decl":{"start":{"line":36,"column":17},"end":{"line":36,"column":18}},"loc":{"start":{"line":36,"column":37},"end":{"line":40,"column":3}}},"5":{"name":"(anonymous_5)","decl":{"start":{"line":42,"column":29},"end":{"line":42,"column":30}},"loc":{"start":{"line":42,"column":77},"end":{"line":46,"column":3}}},"6":{"name":"(anonymous_6)","decl":{"start":{"line":48,"column":20},"end":{"line":48,"column":25}},"loc":{"start":{"line":48,"column":46},"end":{"line":54,"column":3}}},"7":{"name":"(anonymous_7)","decl":{"start":{"line":50,"column":6},"end":{"line":50,"column":7}},"loc":{"start":{"line":50,"column":24},"end":{"line":50,"column":41}}},"8":{"name":"(anonymous_8)","decl":{"start":{"line":56,"column":18},"end":{"line":56,"column":23}},"loc":{"start":{"line":56,"column":59},"end":{"line":62,"column":3}}},"9":{"name":"(anonymous_9)","decl":{"start":{"line":58,"column":6},"end":{"line":58,"column":7}},"loc":{"start":{"line":58,"column":24},"end":{"line":58,"column":45}}}},"branchMap":{"0":{"loc":{"start":{"line":13,"column":27},"end":{"line":16,"column":29}},"type":"default-arg","locations":[{"start":{"line":16,"column":27},"end":{"line":16,"column":29}}]},"1":{"loc":{"start":{"line":14,"column":2},"end":{"line":14,"column":22}},"type":"default-arg","locations":[{"start":{"line":14,"column":20},"end":{"line":14,"column":22}}]}},"s":{"0":2,"1":2,"2":2,"3":2,"4":5,"5":5,"6":5,"7":8,"8":8,"9":0,"10":8,"11":8,"12":5,"13":3,"14":5,"15":2,"16":2,"17":5,"18":2,"19":2,"20":5,"21":1,"22":2,"23":1,"24":5,"25":1,"26":2,"27":1,"28":5,"29":2},"f":{"0":5,"1":8,"2":0,"3":3,"4":2,"5":2,"6":1,"7":2,"8":1,"9":2},"b":{"0":[5],"1":[5]}}
,"/Users/sol/dev/solncebro/telegram-engine/src/core/createBot.ts": {"path":"/Users/sol/dev/solncebro/telegram-engine/src/core/createBot.ts","statementMap":{"0":{"start":{"line":1,"column":0},"end":{"line":1,"column":36}},"1":{"start":{"line":4,"column":18},"end":{"line":24,"column":1}},"2":{"start":{"line":5,"column":14},"end":{"line":5,"column":36}},"3":{"start":{"line":7,"column":17},"end":{"line":17,"column":3}},"4":{"start":{"line":8,"column":4},"end":{"line":16,"column":5}},"5":{"start":{"line":9,"column":6},"end":{"line":9,"column":25}},"6":{"start":{"line":11,"column":6},"end":{"line":15,"column":7}},"7":{"start":{"line":12,"column":8},"end":{"line":12,"column":32}},"8":{"start":{"line":14,"column":8},"end":{"line":14,"column":20}},"9":{"start":{"line":19,"column":15},"end":{"line":21,"column":3}},"10":{"start":{"line":20,"column":4},"end":{"line":20,"column":21}},"11":{"start":{"line":23,"column":2},"end":{"line":23,"column":40}},"12":{"start":{"line":26,"column":9},"end":{"line":26,"column":18}}},"fnMap":{"0":{"name":"(anonymous_0)","decl":{"start":{"line":4,"column":18},"end":{"line":4,"column":19}},"loc":{"start":{"line":4,"column":81},"end":{"line":24,"column":1}}},"1":{"name":"(anonymous_1)","decl":{"start":{"line":7,"column":17},"end":{"line":7,"column":22}},"loc":{"start":{"line":7,"column":43},"end":{"line":17,"column":3}}},"2":{"name":"(anonymous_2)","decl":{"start":{"line":19,"column":15},"end":{"line":19,"column":20}},"loc":{"start":{"line":19,"column":56},"end":{"line":21,"column":3}}}},"branchMap":{"0":{"loc":{"start":{"line":11,"column":6},"end":{"line":15,"column":7}},"type":"if","locations":[{"start":{"line":11,"column":6},"end":{"line":15,"column":7}},{"start":{"line":13,"column":13},"end":{"line":15,"column":7}}]}},"s":{"0":3,"1":3,"2":13,"3":13,"4":5,"5":5,"6":2,"7":1,"8":1,"9":13,"10":3,"11":13,"12":3},"f":{"0":13,"1":5,"2":3},"b":{"0":[1,1]}}
,"/Users/sol/dev/solncebro/telegram-engine/src/core/sender.ts": {"path":"/Users/sol/dev/solncebro/telegram-engine/src/core/sender.ts","statementMap":{"0":{"start":{"line":9,"column":21},"end":{"line":118,"column":1}},"1":{"start":{"line":14,"column":22},"end":{"line":18,"column":3}},"2":{"start":{"line":15,"column":16},"end":{"line":15,"column":24}},"3":{"start":{"line":17,"column":4},"end":{"line":17,"column":25}},"4":{"start":{"line":20,"column":22},"end":{"line":49,"column":3}},"5":{"start":{"line":27,"column":4},"end":{"line":31,"column":5}},"6":{"start":{"line":28,"column":6},"end":{"line":28,"column":51}},"7":{"start":{"line":30,"column":6},"end":{"line":30,"column":13}},"8":{"start":{"line":33,"column":21},"end":{"line":33,"column":34}},"9":{"start":{"line":35,"column":4},"end":{"line":39,"column":5}},"10":{"start":{"line":36,"column":6},"end":{"line":36,"column":56}},"11":{"start":{"line":38,"column":6},"end":{"line":38,"column":13}},"12":{"start":{"line":41,"column":24},"end":{"line":44,"column":6}},"13":{"start":{"line":46,"column":4},"end":{"line":48,"column":5}},"14":{"start":{"line":47,"column":6},"end":{"line":47,"column":36}},"15":{"start":{"line":51,"column":21},"end":{"line":62,"column":3}},"16":{"start":{"line":55,"column":21},"end":{"line":55,"column":34}},"17":{"start":{"line":57,"column":4},"end":{"line":59,"column":5}},"18":{"start":{"line":58,"column":6},"end":{"line":58,"column":13}},"19":{"start":{"line":61,"column":4},"end":{"line":61,"column":53}},"20":{"start":{"line":64,"column":23},"end":{"line":75,"column":3}},"21":{"start":{"line":68,"column":21},"end":{"line":68,"column":34}},"22":{"start":{"line":70,"column":4},"end":{"line":72,"column":5}},"23":{"start":{"line":71,"column":6},"end":{"line":71,"column":13}},"24":{"start":{"line":74,"column":4},"end":{"line":74,"column":55}},"25":{"start":{"line":77,"column":22},"end":{"line":96,"column":3}},"26":{"start":{"line":83,"column":21},"end":{"line":83,"column":34}},"27":{"start":{"line":85,"column":4},"end":{"line":87,"column":5}},"28":{"start":{"line":86,"column":6},"end":{"line":86,"column":13}},"29":{"start":{"line":89,"column":4},"end":{"line":95,"column":6}},"30":{"start":{"line":98,"column":24},"end":{"line":109,"column":3}},"31":{"start":{"line":102,"column":21},"end":{"line":102,"column":34}},"32":{"start":{"line":104,"column":4},"end":{"line":106,"column":5}},"33":{"start":{"line":105,"column":6},"end":{"line":105,"column":13}},"34":{"start":{"line":108,"column":4},"end":{"line":108,"column":52}},"35":{"start":{"line":111,"column":2},"end":{"line":117,"column":4}},"36":{"start":{"line":120,"column":9},"end":{"line":120,"column":21}}},"fnMap":{"0":{"name":"(anonymous_0)","decl":{"start":{"line":9,"column":21},"end":{"line":9,"column":22}},"loc":{"start":{"line":13,"column":39},"end":{"line":118,"column":1}}},"1":{"name":"(anonymous_1)","decl":{"start":{"line":14,"column":22},"end":{"line":14,"column":59}},"loc":{"start":{"line":14,"column":61},"end":{"line":18,"column":3}}},"2":{"name":"(anonymous_2)","decl":{"start":{"line":20,"column":22},"end":{"line":20,"column":27}},"loc":{"start":{"line":26,"column":48},"end":{"line":49,"column":3}}},"3":{"name":"(anonymous_3)","decl":{"start":{"line":51,"column":21},"end":{"line":51,"column":26}},"loc":{"start":{"line":54,"column":21},"end":{"line":62,"column":3}}},"4":{"name":"(anonymous_4)","decl":{"start":{"line":64,"column":23},"end":{"line":64,"column":28}},"loc":{"start":{"line":67,"column":21},"end":{"line":75,"column":3}}},"5":{"name":"(anonymous_5)","decl":{"start":{"line":77,"column":22},"end":{"line":77,"column":27}},"loc":{"start":{"line":82,"column":39},"end":{"line":96,"column":3}}},"6":{"name":"(anonymous_6)","decl":{"start":{"line":98,"column":24},"end":{"line":98,"column":29}},"loc":{"start":{"line":101,"column":21},"end":{"line":109,"column":3}}}},"branchMap":{"0":{"loc":{"start":{"line":23,"column":4},"end":{"line":23,"column":27}},"type":"default-arg","locations":[{"start":{"line":23,"column":22},"end":{"line":23,"column":27}}]},"1":{"loc":{"start":{"line":24,"column":4},"end":{"line":24,"column":25}},"type":"default-arg","locations":[{"start":{"line":24,"column":20},"end":{"line":24,"column":25}}]},"2":{"loc":{"start":{"line":25,"column":4},"end":{"line":25,"column":27}},"type":"default-arg","locations":[{"start":{"line":25,"column":22},"end":{"line":25,"column":27}}]},"3":{"loc":{"start":{"line":27,"column":4},"end":{"line":31,"column":5}},"type":"if","locations":[{"start":{"line":27,"column":4},"end":{"line":31,"column":5}},{"start":{},"end":{}}]},"4":{"loc":{"start":{"line":27,"column":8},"end":{"line":27,"column":59}},"type":"binary-expr","locations":[{"start":{"line":27,"column":8},"end":{"line":27,"column":21}},{"start":{"line":27,"column":25},"end":{"line":27,"column":59}}]},"5":{"loc":{"start":{"line":35,"column":4},"end":{"line":39,"column":5}},"type":"if","locations":[{"start":{"line":35,"column":4},"end":{"line":39,"column":5}},{"start":{},"end":{}}]},"6":{"loc":{"start":{"line":43,"column":10},"end":{"line":43,"column":55}},"type":"binary-expr","locations":[{"start":{"line":43,"column":10},"end":{"line":43,"column":23}},{"start":{"line":43,"column":27},"end":{"line":43,"column":55}}]},"7":{"loc":{"start":{"line":46,"column":4},"end":{"line":48,"column":5}},"type":"if","locations":[{"start":{"line":46,"column":4},"end":{"line":48,"column":5}},{"start":{},"end":{}}]},"8":{"loc":{"start":{"line":57,"column":4},"end":{"line":59,"column":5}},"type":"if","locations":[{"start":{"line":57,"column":4},"end":{"line":59,"column":5}},{"start":{},"end":{}}]},"9":{"loc":{"start":{"line":70,"column":4},"end":{"line":72,"column":5}},"type":"if","locations":[{"start":{"line":70,"column":4},"end":{"line":72,"column":5}},{"start":{},"end":{}}]},"10":{"loc":{"start":{"line":81,"column":4},"end":{"line":81,"column":25}},"type":"default-arg","locations":[{"start":{"line":81,"column":20},"end":{"line":81,"column":25}}]},"11":{"loc":{"start":{"line":85,"column":4},"end":{"line":87,"column":5}},"type":"if","locations":[{"start":{"line":85,"column":4},"end":{"line":87,"column":5}},{"start":{},"end":{}}]},"12":{"loc":{"start":{"line":94,"column":6},"end":{"line":94,"column":62}},"type":"cond-expr","locations":[{"start":{"line":94,"column":22},"end":{"line":94,"column":50}},{"start":{"line":94,"column":53},"end":{"line":94,"column":62}}]},"13":{"loc":{"start":{"line":104,"column":4},"end":{"line":106,"column":5}},"type":"if","locations":[{"start":{"line":104,"column":4},"end":{"line":106,"column":5}},{"start":{},"end":{}}]}},"s":{"0":3,"1":19,"2":13,"3":13,"4":19,"5":5,"6":1,"7":1,"8":4,"9":4,"10":1,"11":1,"12":3,"13":3,"14":1,"15":19,"16":2,"17":2,"18":1,"19":1,"20":19,"21":2,"22":2,"23":1,"24":1,"25":19,"26":3,"27":3,"28":1,"29":2,"30":19,"31":2,"32":2,"33":1,"34":1,"35":19,"36":3},"f":{"0":19,"1":13,"2":5,"3":2,"4":2,"5":3,"6":2},"b":{"0":[5],"1":[4],"2":[4],"3":[1,4],"4":[5,1],"5":[1,3],"6":[3,1],"7":[1,2],"8":[1,1],"9":[1,1],"10":[2],"11":[1,2],"12":[1,1],"13":[1,1]}}
,"/Users/sol/dev/solncebro/telegram-engine/src/input/inputStateManager.ts": {"path":"/Users/sol/dev/solncebro/telegram-engine/src/input/inputStateManager.ts","statementMap":{"0":{"start":{"line":3,"column":32},"end":{"line":22,"column":1}},"1":{"start":{"line":7,"column":24},"end":{"line":7,"column":69}},"2":{"start":{"line":9,"column":14},"end":{"line":9,"column":59}},"3":{"start":{"line":9,"column":34},"end":{"line":9,"column":59}},"4":{"start":{"line":11,"column":14},"end":{"line":13,"column":3}},"5":{"start":{"line":12,"column":4},"end":{"line":12,"column":37}},"6":{"start":{"line":15,"column":22},"end":{"line":17,"column":3}},"7":{"start":{"line":16,"column":4},"end":{"line":16,"column":33}},"8":{"start":{"line":19,"column":14},"end":{"line":19,"column":59}},"9":{"start":{"line":19,"column":34},"end":{"line":19,"column":59}},"10":{"start":{"line":21,"column":2},"end":{"line":21,"column":48}},"11":{"start":{"line":24,"column":9},"end":{"line":24,"column":32}}},"fnMap":{"0":{"name":"(anonymous_0)","decl":{"start":{"line":3,"column":32},"end":{"line":3,"column":null}},"loc":{"start":{"line":6,"column":41},"end":{"line":22,"column":1}}},"1":{"name":"(anonymous_1)","decl":{"start":{"line":9,"column":14},"end":{"line":9,"column":15}},"loc":{"start":{"line":9,"column":34},"end":{"line":9,"column":59}}},"2":{"name":"(anonymous_2)","decl":{"start":{"line":11,"column":14},"end":{"line":11,"column":15}},"loc":{"start":{"line":11,"column":68},"end":{"line":13,"column":3}}},"3":{"name":"(anonymous_3)","decl":{"start":{"line":15,"column":22},"end":{"line":15,"column":23}},"loc":{"start":{"line":15,"column":41},"end":{"line":17,"column":3}}},"4":{"name":"(anonymous_4)","decl":{"start":{"line":19,"column":14},"end":{"line":19,"column":15}},"loc":{"start":{"line":19,"column":34},"end":{"line":19,"column":59}}}},"branchMap":{},"s":{"0":2,"1":4,"2":4,"3":2,"4":4,"5":3,"6":4,"7":1,"8":4,"9":3,"10":4,"11":2},"f":{"0":4,"1":2,"2":3,"3":1,"4":3},"b":{}}
,"/Users/sol/dev/solncebro/telegram-engine/src/input/inputValidator.ts": {"path":"/Users/sol/dev/solncebro/telegram-engine/src/input/inputValidator.ts","statementMap":{"0":{"start":{"line":6,"column":31},"end":{"line":6,"column":68}},"1":{"start":{"line":6,"column":59},"end":{"line":6,"column":68}},"2":{"start":{"line":62,"column":2},"end":{"line":62,"column":24}},"3":{"start":{"line":8,"column":35},"end":{"line":13,"column":2}},"4":{"start":{"line":10,"column":40},"end":{"line":13,"column":2}},"5":{"start":{"line":63,"column":2},"end":{"line":63,"column":28}},"6":{"start":{"line":15,"column":33},"end":{"line":59,"column":1}},"7":{"start":{"line":18,"column":19},"end":{"line":18,"column":61}},"8":{"start":{"line":18,"column":49},"end":{"line":18,"column":60}},"9":{"start":{"line":20,"column":2},"end":{"line":26,"column":3}},"10":{"start":{"line":21,"column":4},"end":{"line":25,"column":6}},"11":{"start":{"line":28,"column":20},"end":{"line":28,"column":69}},"12":{"start":{"line":29,"column":18},"end":{"line":29,"column":67}},"13":{"start":{"line":31,"column":20},"end":{"line":34,"column":4}},"14":{"start":{"line":36,"column":2},"end":{"line":43,"column":3}},"15":{"start":{"line":37,"column":4},"end":{"line":42,"column":5}},"16":{"start":{"line":38,"column":6},"end":{"line":41,"column":8}},"17":{"start":{"line":45,"column":2},"end":{"line":50,"column":3}},"18":{"start":{"line":46,"column":4},"end":{"line":49,"column":6}},"19":{"start":{"line":52,"column":2},"end":{"line":58,"column":4}},"20":{"start":{"line":64,"column":2},"end":{"line":64,"column":26}}},"fnMap":{"0":{"name":"(anonymous_0)","decl":{"start":{"line":6,"column":31},"end":{"line":6,"column":32}},"loc":{"start":{"line":6,"column":59},"end":{"line":6,"column":68}}},"1":{"name":"(anonymous_1)","decl":{"start":{"line":8,"column":35},"end":{"line":8,"column":null}},"loc":{"start":{"line":10,"column":40},"end":{"line":13,"column":2}}},"2":{"name":"(anonymous_2)","decl":{"start":{"line":15,"column":33},"end":{"line":15,"column":null}},"loc":{"start":{"line":17,"column":36},"end":{"line":59,"column":1}}},"3":{"name":"(anonymous_3)","decl":{"start":{"line":18,"column":39},"end":{"line":18,"column":40}},"loc":{"start":{"line":18,"column":49},"end":{"line":18,"column":60}}}},"branchMap":{"0":{"loc":{"start":{"line":20,"column":2},"end":{"line":26,"column":3}},"type":"if","locations":[{"start":{"line":20,"column":2},"end":{"line":26,"column":3}},{"start":{},"end":{}}]},"1":{"loc":{"start":{"line":28,"column":20},"end":{"line":28,"column":69}},"type":"cond-expr","locations":[{"start":{"line":28,"column":34},"end":{"line":28,"column":57}},{"start":{"line":28,"column":60},"end":{"line":28,"column":69}}]},"2":{"loc":{"start":{"line":29,"column":18},"end":{"line":29,"column":67}},"type":"cond-expr","locations":[{"start":{"line":29,"column":32},"end":{"line":29,"column":55}},{"start":{"line":29,"column":58},"end":{"line":29,"column":67}}]},"3":{"loc":{"start":{"line":37,"column":4},"end":{"line":42,"column":5}},"type":"if","locations":[{"start":{"line":37,"column":4},"end":{"line":42,"column":5}},{"start":{},"end":{}}]},"4":{"loc":{"start":{"line":37,"column":8},"end":{"line":37,"column":43}},"type":"binary-expr","locations":[{"start":{"line":37,"column":8},"end":{"line":37,"column":27}},{"start":{"line":37,"column":31},"end":{"line":37,"column":43}}]},"5":{"loc":{"start":{"line":45,"column":2},"end":{"line":50,"column":3}},"type":"if","locations":[{"start":{"line":45,"column":2},"end":{"line":50,"column":3}},{"start":{},"end":{}}]},"6":{"loc":{"start":{"line":45,"column":6},"end":{"line":45,"column":54}},"type":"binary-expr","locations":[{"start":{"line":45,"column":6},"end":{"line":45,"column":29}},{"start":{"line":45,"column":33},"end":{"line":45,"column":54}}]}},"s":{"0":2,"1":4,"2":2,"3":2,"4":3,"5":2,"6":2,"7":8,"8":15,"9":8,"10":1,"11":7,"12":7,"13":7,"14":7,"15":13,"16":1,"17":6,"18":1,"19":5,"20":2},"f":{"0":4,"1":3,"2":8,"3":15},"b":{"0":[1,7],"1":[5,2],"2":[5,2],"3":[1,12],"4":[13,9],"5":[1,5],"6":[6,2]}}
,"/Users/sol/dev/solncebro/telegram-engine/src/menu/actionRouter.ts": {"path":"/Users/sol/dev/solncebro/telegram-engine/src/menu/actionRouter.ts","statementMap":{"0":{"start":{"line":7,"column":27},"end":{"line":27,"column":1}},"1":{"start":{"line":13,"column":23},"end":{"line":24,"column":3}},"2":{"start":{"line":17,"column":20},"end":{"line":17,"column":44}},"3":{"start":{"line":19,"column":4},"end":{"line":21,"column":5}},"4":{"start":{"line":20,"column":6},"end":{"line":20,"column":51}},"5":{"start":{"line":23,"column":4},"end":{"line":23,"column":25}},"6":{"start":{"line":26,"column":2},"end":{"line":26,"column":26}},"7":{"start":{"line":29,"column":9},"end":{"line":29,"column":27}}},"fnMap":{"0":{"name":"(anonymous_0)","decl":{"start":{"line":7,"column":27},"end":{"line":7,"column":null}},"loc":{"start":{"line":12,"column":34},"end":{"line":27,"column":1}}},"1":{"name":"(anonymous_1)","decl":{"start":{"line":13,"column":23},"end":{"line":13,"column":28}},"loc":{"start":{"line":16,"column":31},"end":{"line":24,"column":3}}}},"branchMap":{"0":{"loc":{"start":{"line":19,"column":4},"end":{"line":21,"column":5}},"type":"if","locations":[{"start":{"line":19,"column":4},"end":{"line":21,"column":5}},{"start":{},"end":{}}]}},"s":{"0":2,"1":1,"2":3,"3":3,"4":1,"5":2,"6":1,"7":2},"f":{"0":1,"1":3},"b":{"0":[1,2]}}
,"/Users/sol/dev/solncebro/telegram-engine/src/menu/callbackEncoder.ts": {"path":"/Users/sol/dev/solncebro/telegram-engine/src/menu/callbackEncoder.ts","statementMap":{"0":{"start":{"line":3,"column":30},"end":{"line":63,"column":1}},"1":{"start":{"line":6,"column":33},"end":{"line":6,"column":70}},"2":{"start":{"line":7,"column":27},"end":{"line":7,"column":69}},"3":{"start":{"line":9,"column":2},"end":{"line":12,"column":3}},"4":{"start":{"line":10,"column":4},"end":{"line":10,"column":57}},"5":{"start":{"line":11,"column":4},"end":{"line":11,"column":45}},"6":{"start":{"line":14,"column":17},"end":{"line":32,"column":3}},"7":{"start":{"line":15,"column":53},"end":{"line":15,"column":55}},"8":{"start":{"line":17,"column":4},"end":{"line":29,"column":5}},"9":{"start":{"line":18,"column":6},"end":{"line":20,"column":7}},"10":{"start":{"line":19,"column":8},"end":{"line":19,"column":17}},"11":{"start":{"line":22,"column":21},"end":{"line":22,"column":61}},"12":{"start":{"line":24,"column":6},"end":{"line":26,"column":7}},"13":{"start":{"line":25,"column":8},"end":{"line":25,"column":17}},"14":{"start":{"line":28,"column":6},"end":{"line":28,"column":55}},"15":{"start":{"line":31,"column":4},"end":{"line":31,"column":35}},"16":{"start":{"line":34,"column":17},"end":{"line":60,"column":3}},"17":{"start":{"line":35,"column":4},"end":{"line":59,"column":5}},"18":{"start":{"line":36,"column":21},"end":{"line":36,"column":71}},"19":{"start":{"line":37,"column":37},"end":{"line":37,"column":39}},"20":{"start":{"line":38,"column":24},"end":{"line":38,"column":29}},"21":{"start":{"line":40,"column":6},"end":{"line":50,"column":7}},"22":{"start":{"line":41,"column":23},"end":{"line":41,"column":60}},"23":{"start":{"line":43,"column":8},"end":{"line":45,"column":9}},"24":{"start":{"line":44,"column":10},"end":{"line":44,"column":19}},"25":{"start":{"line":47,"column":9},"end":{"line":48,"column":31}},"26":{"start":{"line":49,"column":8},"end":{"line":49,"column":27}},"27":{"start":{"line":52,"column":6},"end":{"line":54,"column":7}},"28":{"start":{"line":53,"column":8},"end":{"line":53,"column":20}},"29":{"start":{"line":56,"column":6},"end":{"line":56,"column":20}},"30":{"start":{"line":58,"column":6},"end":{"line":58,"column":18}},"31":{"start":{"line":62,"column":2},"end":{"line":62,"column":28}},"32":{"start":{"line":65,"column":9},"end":{"line":65,"column":30}}},"fnMap":{"0":{"name":"(anonymous_0)","decl":{"start":{"line":3,"column":30},"end":{"line":3,"column":null}},"loc":{"start":{"line":5,"column":28},"end":{"line":63,"column":1}}},"1":{"name":"(anonymous_1)","decl":{"start":{"line":14,"column":17},"end":{"line":14,"column":18}},"loc":{"start":{"line":14,"column":50},"end":{"line":32,"column":3}}},"2":{"name":"(anonymous_2)","decl":{"start":{"line":34,"column":17},"end":{"line":34,"column":18}},"loc":{"start":{"line":34,"column":56},"end":{"line":60,"column":3}}}},"branchMap":{"0":{"loc":{"start":{"line":18,"column":6},"end":{"line":20,"column":7}},"type":"if","locations":[{"start":{"line":18,"column":6},"end":{"line":20,"column":7}},{"start":{},"end":{}}]},"1":{"loc":{"start":{"line":24,"column":6},"end":{"line":26,"column":7}},"type":"if","locations":[{"start":{"line":24,"column":6},"end":{"line":26,"column":7}},{"start":{},"end":{}}]},"2":{"loc":{"start":{"line":43,"column":8},"end":{"line":45,"column":9}},"type":"if","locations":[{"start":{"line":43,"column":8},"end":{"line":45,"column":9}},{"start":{},"end":{}}]},"3":{"loc":{"start":{"line":52,"column":6},"end":{"line":54,"column":7}},"type":"if","locations":[{"start":{"line":52,"column":6},"end":{"line":54,"column":7}},{"start":{},"end":{}}]}},"s":{"0":2,"1":1,"2":1,"3":1,"4":3,"5":3,"6":1,"7":4,"8":4,"9":7,"10":0,"11":7,"12":7,"13":1,"14":6,"15":4,"16":1,"17":5,"18":5,"19":4,"20":4,"21":4,"22":5,"23":5,"24":2,"25":3,"26":3,"27":4,"28":2,"29":2,"30":1,"31":1,"32":2},"f":{"0":1,"1":4,"2":5},"b":{"0":[0,7],"1":[1,6],"2":[2,3],"3":[2,2]}}
,"/Users/sol/dev/solncebro/telegram-engine/src/menu/keyboardBuilder.ts": {"path":"/Users/sol/dev/solncebro/telegram-engine/src/menu/keyboardBuilder.ts","statementMap":{"0":{"start":{"line":1,"column":0},"end":{"line":1,"column":34}},"1":{"start":{"line":10,"column":30},"end":{"line":43,"column":1}},"2":{"start":{"line":13,"column":31},"end":{"line":14,"column":62}},"3":{"start":{"line":14,"column":4},"end":{"line":14,"column":62}},"4":{"start":{"line":16,"column":16},"end":{"line":40,"column":3}},"5":{"start":{"line":20,"column":23},"end":{"line":22,"column":6}},"6":{"start":{"line":20,"column":56},"end":{"line":22,"column":6}},"7":{"start":{"line":24,"column":4},"end":{"line":26,"column":5}},"8":{"start":{"line":25,"column":6},"end":{"line":25,"column":47}},"9":{"start":{"line":28,"column":33},"end":{"line":37,"column":6}},"10":{"start":{"line":39,"column":4},"end":{"line":39,"column":72}},"11":{"start":{"line":42,"column":2},"end":{"line":42,"column":19}},"12":{"start":{"line":45,"column":9},"end":{"line":45,"column":30}}},"fnMap":{"0":{"name":"(anonymous_0)","decl":{"start":{"line":10,"column":30},"end":{"line":10,"column":null}},"loc":{"start":{"line":12,"column":28},"end":{"line":43,"column":1}}},"1":{"name":"(anonymous_1)","decl":{"start":{"line":13,"column":31},"end":{"line":13,"column":32}},"loc":{"start":{"line":14,"column":4},"end":{"line":14,"column":62}}},"2":{"name":"(anonymous_2)","decl":{"start":{"line":16,"column":16},"end":{"line":16,"column":null}},"loc":{"start":{"line":19,"column":22},"end":{"line":40,"column":3}}},"3":{"name":"(anonymous_3)","decl":{"start":{"line":20,"column":44},"end":{"line":20,"column":45}},"loc":{"start":{"line":20,"column":56},"end":{"line":22,"column":6}}}},"branchMap":{"0":{"loc":{"start":{"line":24,"column":4},"end":{"line":26,"column":5}},"type":"if","locations":[{"start":{"line":24,"column":4},"end":{"line":26,"column":5}},{"start":{},"end":{}}]},"1":{"loc":{"start":{"line":30,"column":8},"end":{"line":30,"column":43}},"type":"binary-expr","locations":[{"start":{"line":30,"column":8},"end":{"line":30,"column":33}},{"start":{"line":30,"column":37},"end":{"line":30,"column":43}}]},"2":{"loc":{"start":{"line":34,"column":8},"end":{"line":34,"column":52}},"type":"binary-expr","locations":[{"start":{"line":34,"column":8},"end":{"line":34,"column":37}},{"start":{"line":34,"column":41},"end":{"line":34,"column":52}}]}},"s":{"0":2,"1":2,"2":5,"3":10,"4":5,"5":5,"6":4,"7":5,"8":2,"9":3,"10":3,"11":5,"12":2},"f":{"0":5,"1":10,"2":5,"3":4},"b":{"0":[2,3],"1":[3,2],"2":[3,2]}}
,"/Users/sol/dev/solncebro/telegram-engine/src/menu/menuRouter.ts": {"path":"/Users/sol/dev/solncebro/telegram-engine/src/menu/menuRouter.ts","statementMap":{"0":{"start":{"line":7,"column":25},"end":{"line":27,"column":1}},"1":{"start":{"line":13,"column":21},"end":{"line":24,"column":3}},"2":{"start":{"line":17,"column":20},"end":{"line":17,"column":40}},"3":{"start":{"line":19,"column":4},"end":{"line":21,"column":5}},"4":{"start":{"line":20,"column":6},"end":{"line":20,"column":52}},"5":{"start":{"line":23,"column":4},"end":{"line":23,"column":25}},"6":{"start":{"line":26,"column":2},"end":{"line":26,"column":24}},"7":{"start":{"line":29,"column":9},"end":{"line":29,"column":25}}},"fnMap":{"0":{"name":"(anonymous_0)","decl":{"start":{"line":7,"column":25},"end":{"line":7,"column":null}},"loc":{"start":{"line":12,"column":30},"end":{"line":27,"column":1}}},"1":{"name":"(anonymous_1)","decl":{"start":{"line":13,"column":21},"end":{"line":13,"column":26}},"loc":{"start":{"line":16,"column":31},"end":{"line":24,"column":3}}}},"branchMap":{"0":{"loc":{"start":{"line":19,"column":4},"end":{"line":21,"column":5}},"type":"if","locations":[{"start":{"line":19,"column":4},"end":{"line":21,"column":5}},{"start":{},"end":{}}]}},"s":{"0":2,"1":1,"2":3,"3":3,"4":1,"5":2,"6":1,"7":2},"f":{"0":1,"1":3},"b":{"0":[1,2]}}
,"/Users/sol/dev/solncebro/telegram-engine/src/menu/navigationSchema.ts": {"path":"/Users/sol/dev/solncebro/telegram-engine/src/menu/navigationSchema.ts","statementMap":{"0":{"start":{"line":6,"column":31},"end":{"line":59,"column":1}},"1":{"start":{"line":12,"column":29},"end":{"line":29,"column":3}},"2":{"start":{"line":16,"column":23},"end":{"line":16,"column":35}},"3":{"start":{"line":18,"column":4},"end":{"line":20,"column":5}},"4":{"start":{"line":19,"column":6},"end":{"line":19,"column":19}},"5":{"start":{"line":22,"column":4},"end":{"line":26,"column":5}},"6":{"start":{"line":23,"column":6},"end":{"line":25,"column":7}},"7":{"start":{"line":24,"column":8},"end":{"line":24,"column":21}},"8":{"start":{"line":28,"column":4},"end":{"line":28,"column":16}},"9":{"start":{"line":31,"column":29},"end":{"line":56,"column":3}},"10":{"start":{"line":35,"column":23},"end":{"line":35,"column":42}},"11":{"start":{"line":37,"column":4},"end":{"line":39,"column":5}},"12":{"start":{"line":38,"column":6},"end":{"line":38,"column":18}},"13":{"start":{"line":41,"column":39},"end":{"line":41,"column":41}},"14":{"start":{"line":43,"column":4},"end":{"line":50,"column":5}},"15":{"start":{"line":44,"column":25},"end":{"line":44,"column":48}},"16":{"start":{"line":46,"column":6},"end":{"line":49,"column":7}},"17":{"start":{"line":47,"column":9},"end":{"line":48,"column":21}},"18":{"start":{"line":52,"column":4},"end":{"line":55,"column":6}},"19":{"start":{"line":58,"column":2},"end":{"line":58,"column":52}},"20":{"start":{"line":61,"column":9},"end":{"line":61,"column":31}}},"fnMap":{"0":{"name":"(anonymous_0)","decl":{"start":{"line":6,"column":31},"end":{"line":6,"column":null}},"loc":{"start":{"line":11,"column":36},"end":{"line":59,"column":1}}},"1":{"name":"(anonymous_1)","decl":{"start":{"line":12,"column":29},"end":{"line":12,"column":null}},"loc":{"start":{"line":15,"column":15},"end":{"line":29,"column":3}}},"2":{"name":"(anonymous_2)","decl":{"start":{"line":31,"column":29},"end":{"line":31,"column":null}},"loc":{"start":{"line":34,"column":54},"end":{"line":56,"column":3}}}},"branchMap":{"0":{"loc":{"start":{"line":18,"column":4},"end":{"line":20,"column":5}},"type":"if","locations":[{"start":{"line":18,"column":4},"end":{"line":20,"column":5}},{"start":{},"end":{}}]},"1":{"loc":{"start":{"line":23,"column":6},"end":{"line":25,"column":7}},"type":"if","locations":[{"start":{"line":23,"column":6},"end":{"line":25,"column":7}},{"start":{},"end":{}}]},"2":{"loc":{"start":{"line":37,"column":4},"end":{"line":39,"column":5}},"type":"if","locations":[{"start":{"line":37,"column":4},"end":{"line":39,"column":5}},{"start":{},"end":{}}]},"3":{"loc":{"start":{"line":46,"column":6},"end":{"line":49,"column":7}},"type":"if","locations":[{"start":{"line":46,"column":6},"end":{"line":49,"column":7}},{"start":{},"end":{}}]}},"s":{"0":2,"1":1,"2":6,"3":6,"4":1,"5":5,"6":6,"7":2,"8":3,"9":1,"10":3,"11":3,"12":1,"13":2,"14":2,"15":1,"16":1,"17":1,"18":2,"19":1,"20":2},"f":{"0":1,"1":6,"2":3},"b":{"0":[1,5],"1":[2,4],"2":[1,2],"3":[1,0]}}
,"/Users/sol/dev/solncebro/telegram-engine/src/message/deleteMessageList.ts": {"path":"/Users/sol/dev/solncebro/telegram-engine/src/message/deleteMessageList.ts","statementMap":{"0":{"start":{"line":3,"column":30},"end":{"line":23,"column":1}},"1":{"start":{"line":9,"column":2},"end":{"line":22,"column":3}},"2":{"start":{"line":10,"column":4},"end":{"line":21,"column":5}},"3":{"start":{"line":11,"column":6},"end":{"line":11,"column":54}},"4":{"start":{"line":14,"column":8},"end":{"line":14,"column":62}},"5":{"start":{"line":16,"column":6},"end":{"line":20,"column":9}},"6":{"start":{"line":25,"column":9},"end":{"line":25,"column":30}}},"fnMap":{"0":{"name":"(anonymous_0)","decl":{"start":{"line":3,"column":30},"end":{"line":3,"column":35}},"loc":{"start":{"line":8,"column":47},"end":{"line":23,"column":1}}}},"branchMap":{"0":{"loc":{"start":{"line":14,"column":8},"end":{"line":14,"column":62}},"type":"cond-expr","locations":[{"start":{"line":14,"column":33},"end":{"line":14,"column":46}},{"start":{"line":14,"column":49},"end":{"line":14,"column":62}}]}},"s":{"0":2,"1":4,"2":7,"3":7,"4":2,"5":2,"6":2},"f":{"0":4},"b":{"0":[1,1]}}
,"/Users/sol/dev/solncebro/telegram-engine/src/message/markdownV2.ts": {"path":"/Users/sol/dev/solncebro/telegram-engine/src/message/markdownV2.ts","statementMap":{"0":{"start":{"line":1,"column":38},"end":{"line":20,"column":2}},"1":{"start":{"line":22,"column":29},"end":{"line":32,"column":1}},"2":{"start":{"line":23,"column":24},"end":{"line":23,"column":46}},"3":{"start":{"line":25,"column":2},"end":{"line":31,"column":14}},"4":{"start":{"line":27,"column":6},"end":{"line":29,"column":19}},"5":{"start":{"line":36,"column":9},"end":{"line":36,"column":29}},"6":{"start":{"line":34,"column":28},"end":{"line":34,"column":76}},"7":{"start":{"line":34,"column":63},"end":{"line":34,"column":76}},"8":{"start":{"line":36,"column":31},"end":{"line":36,"column":50}}},"fnMap":{"0":{"name":"(anonymous_0)","decl":{"start":{"line":22,"column":29},"end":{"line":22,"column":30}},"loc":{"start":{"line":22,"column":63},"end":{"line":32,"column":1}}},"1":{"name":"(anonymous_1)","decl":{"start":{"line":26,"column":9},"end":{"line":26,"column":10}},"loc":{"start":{"line":27,"column":6},"end":{"line":29,"column":19}}},"2":{"name":"(anonymous_2)","decl":{"start":{"line":34,"column":28},"end":{"line":34,"column":29}},"loc":{"start":{"line":34,"column":63},"end":{"line":34,"column":76}}}},"branchMap":{"0":{"loc":{"start":{"line":27,"column":6},"end":{"line":29,"column":19}},"type":"cond-expr","locations":[{"start":{"line":28,"column":10},"end":{"line":28,"column":26}},{"start":{"line":29,"column":10},"end":{"line":29,"column":19}}]}},"s":{"0":2,"1":2,"2":8,"3":8,"4":56,"5":2,"6":2,"7":2,"8":2},"f":{"0":8,"1":56,"2":2},"b":{"0":[22,34]}}
,"/Users/sol/dev/solncebro/telegram-engine/src/message/messageTracker.ts": {"path":"/Users/sol/dev/solncebro/telegram-engine/src/message/messageTracker.ts","statementMap":{"0":{"start":{"line":3,"column":29},"end":{"line":30,"column":1}},"1":{"start":{"line":4,"column":32},"end":{"line":4,"column":59}},"2":{"start":{"line":6,"column":14},"end":{"line":7,"column":43}},"3":{"start":{"line":7,"column":4},"end":{"line":7,"column":43}},"4":{"start":{"line":9,"column":14},"end":{"line":11,"column":3}},"5":{"start":{"line":10,"column":4},"end":{"line":10,"column":53}},"6":{"start":{"line":13,"column":21},"end":{"line":15,"column":3}},"7":{"start":{"line":14,"column":4},"end":{"line":14,"column":41}},"8":{"start":{"line":17,"column":18},"end":{"line":27,"column":3}},"9":{"start":{"line":18,"column":23},"end":{"line":18,"column":62}},"10":{"start":{"line":20,"column":4},"end":{"line":20,"column":41}},"11":{"start":{"line":22,"column":4},"end":{"line":24,"column":5}},"12":{"start":{"line":23,"column":6},"end":{"line":23,"column":24}},"13":{"start":{"line":26,"column":4},"end":{"line":26,"column":62}},"14":{"start":{"line":26,"column":37},"end":{"line":26,"column":60}},"15":{"start":{"line":29,"column":2},"end":{"line":29,"column":51}},"16":{"start":{"line":32,"column":9},"end":{"line":32,"column":29}}},"fnMap":{"0":{"name":"(anonymous_0)","decl":{"start":{"line":3,"column":29},"end":{"line":3,"column":48}},"loc":{"start":{"line":3,"column":50},"end":{"line":30,"column":1}}},"1":{"name":"(anonymous_1)","decl":{"start":{"line":6,"column":14},"end":{"line":6,"column":15}},"loc":{"start":{"line":7,"column":4},"end":{"line":7,"column":43}}},"2":{"name":"(anonymous_2)","decl":{"start":{"line":9,"column":14},"end":{"line":9,"column":15}},"loc":{"start":{"line":9,"column":64},"end":{"line":11,"column":3}}},"3":{"name":"(anonymous_3)","decl":{"start":{"line":13,"column":21},"end":{"line":13,"column":22}},"loc":{"start":{"line":13,"column":46},"end":{"line":15,"column":3}}},"4":{"name":"(anonymous_4)","decl":{"start":{"line":17,"column":18},"end":{"line":17,"column":19}},"loc":{"start":{"line":17,"column":74},"end":{"line":27,"column":3}}},"5":{"name":"(anonymous_5)","decl":{"start":{"line":26,"column":29},"end":{"line":26,"column":30}},"loc":{"start":{"line":26,"column":37},"end":{"line":26,"column":60}}}},"branchMap":{"0":{"loc":{"start":{"line":7,"column":4},"end":{"line":7,"column":43}},"type":"binary-expr","locations":[{"start":{"line":7,"column":4},"end":{"line":7,"column":37}},{"start":{"line":7,"column":41},"end":{"line":7,"column":43}}]},"1":{"loc":{"start":{"line":18,"column":23},"end":{"line":18,"column":62}},"type":"binary-expr","locations":[{"start":{"line":18,"column":23},"end":{"line":18,"column":56}},{"start":{"line":18,"column":60},"end":{"line":18,"column":62}}]},"2":{"loc":{"start":{"line":22,"column":4},"end":{"line":24,"column":5}},"type":"if","locations":[{"start":{"line":22,"column":4},"end":{"line":24,"column":5}},{"start":{},"end":{}}]}},"s":{"0":2,"1":6,"2":6,"3":5,"4":6,"5":4,"6":6,"7":1,"8":6,"9":3,"10":3,"11":3,"12":2,"13":1,"14":3,"15":6,"16":2},"f":{"0":6,"1":5,"2":4,"3":1,"4":3,"5":3},"b":{"0":[5,4],"1":[3,1],"2":[2,1]}}
,"/Users/sol/dev/solncebro/telegram-engine/src/message/splitMessage.ts": {"path":"/Users/sol/dev/solncebro/telegram-engine/src/message/splitMessage.ts","statementMap":{"0":{"start":{"line":1,"column":0},"end":{"line":1,"column":65}},"1":{"start":{"line":3,"column":32},"end":{"line":39,"column":1}},"2":{"start":{"line":7,"column":2},"end":{"line":9,"column":3}},"3":{"start":{"line":8,"column":4},"end":{"line":8,"column":18}},"4":{"start":{"line":11,"column":29},"end":{"line":11,"column":31}},"5":{"start":{"line":12,"column":19},"end":{"line":12,"column":35}},"6":{"start":{"line":13,"column":20},"end":{"line":13,"column":22}},"7":{"start":{"line":15,"column":2},"end":{"line":32,"column":3}},"8":{"start":{"line":16,"column":28},"end":{"line":16,"column":39}},"9":{"start":{"line":18,"column":4},"end":{"line":31,"column":5}},"10":{"start":{"line":19,"column":6},"end":{"line":22,"column":7}},"11":{"start":{"line":20,"column":8},"end":{"line":20,"column":45}},"12":{"start":{"line":21,"column":8},"end":{"line":21,"column":25}},"13":{"start":{"line":24,"column":6},"end":{"line":28,"column":7}},"14":{"start":{"line":25,"column":8},"end":{"line":25,"column":28}},"15":{"start":{"line":27,"column":8},"end":{"line":27,"column":38}},"16":{"start":{"line":30,"column":6},"end":{"line":30,"column":37}},"17":{"start":{"line":34,"column":2},"end":{"line":36,"column":3}},"18":{"start":{"line":35,"column":4},"end":{"line":35,"column":41}},"19":{"start":{"line":38,"column":2},"end":{"line":38,"column":18}},"20":{"start":{"line":41,"column":9},"end":{"line":41,"column":32}}},"fnMap":{"0":{"name":"(anonymous_0)","decl":{"start":{"line":3,"column":32},"end":{"line":3,"column":null}},"loc":{"start":{"line":6,"column":14},"end":{"line":39,"column":1}}}},"branchMap":{"0":{"loc":{"start":{"line":5,"column":2},"end":{"line":5,"column":49}},"type":"default-arg","locations":[{"start":{"line":5,"column":22},"end":{"line":5,"column":49}}]},"1":{"loc":{"start":{"line":7,"column":2},"end":{"line":9,"column":3}},"type":"if","locations":[{"start":{"line":7,"column":2},"end":{"line":9,"column":3}},{"start":{},"end":{}}]},"2":{"loc":{"start":{"line":18,"column":4},"end":{"line":31,"column":5}},"type":"if","locations":[{"start":{"line":18,"column":4},"end":{"line":31,"column":5}},{"start":{"line":29,"column":11},"end":{"line":31,"column":5}}]},"3":{"loc":{"start":{"line":19,"column":6},"end":{"line":22,"column":7}},"type":"if","locations":[{"start":{"line":19,"column":6},"end":{"line":22,"column":7}},{"start":{},"end":{}}]},"4":{"loc":{"start":{"line":24,"column":6},"end":{"line":28,"column":7}},"type":"if","locations":[{"start":{"line":24,"column":6},"end":{"line":28,"column":7}},{"start":{"line":26,"column":13},"end":{"line":28,"column":7}}]},"5":{"loc":{"start":{"line":34,"column":2},"end":{"line":36,"column":3}},"type":"if","locations":[{"start":{"line":34,"column":2},"end":{"line":36,"column":3}},{"start":{},"end":{}}]}},"s":{"0":2,"1":2,"2":7,"3":2,"4":5,"5":5,"6":5,"7":5,"8":22,"9":22,"10":9,"11":8,"12":8,"13":9,"14":2,"15":7,"16":13,"17":5,"18":5,"19":5,"20":2},"f":{"0":7},"b":{"0":[2],"1":[2,5],"2":[9,13],"3":[8,1],"4":[2,7],"5":[5,0]}}
,"/Users/sol/dev/solncebro/telegram-engine/src/utils/constants.ts": {"path":"/Users/sol/dev/solncebro/telegram-engine/src/utils/constants.ts","statementMap":{"0":{"start":{"line":1,"column":36},"end":{"line":1,"column":40}},"1":{"start":{"line":6,"column":2},"end":{"line":6,"column":29}},"2":{"start":{"line":2,"column":35},"end":{"line":2,"column":38}},"3":{"start":{"line":7,"column":2},"end":{"line":7,"column":28}},"4":{"start":{"line":3,"column":24},"end":{"line":3,"column":25}},"5":{"start":{"line":8,"column":2},"end":{"line":8,"column":17}}},"fnMap":{},"branchMap":{},"s":{"0":3,"1":3,"2":3,"3":3,"4":3,"5":3},"f":{},"b":{}}
,"/Users/sol/dev/solncebro/telegram-engine/src/utils/pause.ts": {"path":"/Users/sol/dev/solncebro/telegram-engine/src/utils/pause.ts","statementMap":{"0":{"start":{"line":1,"column":14},"end":{"line":2,"column":51}},"1":{"start":{"line":2,"column":2},"end":{"line":2,"column":51}},"2":{"start":{"line":2,"column":27},"end":{"line":2,"column":50}},"3":{"start":{"line":4,"column":9},"end":{"line":4,"column":14}}},"fnMap":{"0":{"name":"(anonymous_0)","decl":{"start":{"line":1,"column":14},"end":{"line":1,"column":15}},"loc":{"start":{"line":2,"column":2},"end":{"line":2,"column":51}}},"1":{"name":"(anonymous_1)","decl":{"start":{"line":2,"column":14},"end":{"line":2,"column":15}},"loc":{"start":{"line":2,"column":27},"end":{"line":2,"column":50}}}},"branchMap":{},"s":{"0":3,"1":3,"2":3,"3":3},"f":{"0":3,"1":3},"b":{}}
}
