TN:
SF:src/broadcast/broadcaster.ts
FN:5,(anonymous_0)
FN:10,(anonymous_1)
FN:14,(anonymous_2)
FN:28,(anonymous_3)
FN:33,(anonymous_4)
FN:56,(anonymous_5)
FN:62,(anonymous_6)
FN:78,(anonymous_7)
FNF:8
FNH:7
FNDA:9,(anonymous_0)
FNDA:2,(anonymous_1)
FNDA:3,(anonymous_2)
FNDA:3,(anonymous_3)
FNDA:3,(anonymous_4)
FNDA:4,(anonymous_5)
FNDA:4,(anonymous_6)
FNDA:0,(anonymous_7)
DA:2,2
DA:3,2
DA:5,2
DA:10,9
DA:14,2
DA:15,3
DA:16,3
DA:18,1
DA:25,2
DA:28,9
DA:33,3
DA:34,3
DA:35,5
DA:37,5
DA:38,5
DA:40,4
DA:41,2
DA:44,1
DA:53,3
DA:56,9
DA:62,4
DA:63,4
DA:64,4
DA:71,3
DA:72,1
DA:75,2
DA:77,2
DA:78,1
DA:81,2
DA:84,2
DA:88,2
DA:90,1
DA:97,4
DA:100,9
DA:103,2
LF:35
LH:35
BRDA:12,0,0,2
BRDA:20,1,0,1
BRDA:20,1,1,0
BRDA:30,2,0,0
BRDA:31,3,0,2
BRDA:40,4,0,2
BRDA:40,4,1,2
BRDA:47,5,0,1
BRDA:47,5,1,0
BRDA:59,6,0,2
BRDA:60,7,0,3
BRDA:71,8,0,1
BRDA:71,8,1,2
BRDA:75,9,0,2
BRDA:75,9,1,1
BRDA:77,10,0,1
BRDA:77,10,1,1
BRDA:84,11,0,1
BRDA:84,11,1,1
BRDA:92,12,0,1
BRDA:92,12,1,0
BRF:21
BRH:17
end_of_record
TN:
SF:src/broadcast/reporter.ts
FN:3,(anonymous_0)
FN:4,(anonymous_1)
FN:17,(anonymous_2)
FNF:3
FNH:3
FNDA:5,(anonymous_0)
FNDA:2,(anonymous_1)
FNDA:3,(anonymous_2)
DA:3,2
DA:4,5
DA:8,2
DA:9,2
DA:11,1
DA:12,1
DA:17,5
DA:21,3
DA:22,3
DA:24,2
DA:25,2
DA:30,5
DA:33,2
LF:13
LH:13
BRDA:6,0,0,2
BRF:1
BRH:1
end_of_record
TN:
SF:src/command/commandRegistrar.ts
FN:7,(anonymous_0)
FN:15,(anonymous_1)
FN:22,(anonymous_2)
FN:33,(anonymous_3)
FN:52,(anonymous_4)
FN:71,(anonymous_5)
FN:89,(anonymous_6)
FNF:7
FNH:7
FNDA:20,(anonymous_0)
FNDA:9,(anonymous_1)
FNDA:12,(anonymous_2)
FNDA:6,(anonymous_3)
FNDA:3,(anonymous_4)
FNDA:3,(anonymous_5)
FNDA:2,(anonymous_6)
DA:7,2
DA:15,20
DA:20,20
DA:22,20
DA:23,12
DA:24,9
DA:27,3
DA:29,3
DA:32,20
DA:33,9
DA:34,6
DA:35,1
DA:38,5
DA:39,5
DA:41,3
DA:43,3
DA:51,20
DA:52,4
DA:53,3
DA:54,1
DA:57,2
DA:58,2
DA:60,1
DA:62,1
DA:70,20
DA:71,4
DA:72,3
DA:73,1
DA:76,2
DA:77,2
DA:79,1
DA:81,1
DA:89,20
DA:90,2
DA:98,2
LF:35
LH:35
BRDA:23,0,0,9
BRDA:23,0,1,3
BRDA:27,1,0,3
BRDA:27,1,1,0
BRDA:34,2,0,1
BRDA:34,2,1,5
BRDA:41,3,0,3
BRDA:41,3,1,1
BRDA:44,4,0,2
BRDA:44,4,1,1
BRDA:51,5,0,4
BRDA:51,5,1,16
BRDA:53,6,0,1
BRDA:53,6,1,2
BRDA:60,7,0,1
BRDA:60,7,1,0
BRDA:63,8,0,1
BRDA:63,8,1,0
BRDA:70,9,0,4
BRDA:70,9,1,16
BRDA:72,10,0,1
BRDA:72,10,1,2
BRDA:79,11,0,1
BRDA:79,11,1,0
BRDA:82,12,0,1
BRDA:82,12,1,0
BRDA:91,13,0,1
BRDA:91,13,1,1
BRF:28
BRH:23
end_of_record
TN:
SF:src/core/accessControl.ts
FN:6,(anonymous_0)
FN:11,(anonymous_1)
FN:19,(anonymous_2)
FN:23,(anonymous_3)
FNF:4
FNH:4
FNDA:10,(anonymous_0)
FNDA:10,(anonymous_1)
FNDA:1,(anonymous_2)
FNDA:1,(anonymous_3)
DA:6,4
DA:9,10
DA:11,10
DA:12,10
DA:13,2
DA:16,8
DA:19,10
DA:20,1
DA:23,10
DA:24,1
DA:27,10
DA:30,4
LF:12
LH:12
BRDA:12,0,0,2
BRDA:12,0,1,8
BRF:2
BRH:2
end_of_record
TN:
SF:src/core/botRegistry.ts
FN:13,(anonymous_0)
FN:20,(anonymous_1)
FN:23,(anonymous_2)
FN:33,(anonymous_3)
FN:36,(anonymous_4)
FN:42,(anonymous_5)
FN:48,(anonymous_6)
FN:50,(anonymous_7)
FN:56,(anonymous_8)
FN:58,(anonymous_9)
FNF:10
FNH:9
FNDA:5,(anonymous_0)
FNDA:8,(anonymous_1)
FNDA:0,(anonymous_2)
FNDA:3,(anonymous_3)
FNDA:2,(anonymous_4)
FNDA:2,(anonymous_5)
FNDA:1,(anonymous_6)
FNDA:2,(anonymous_7)
FNDA:1,(anonymous_8)
FNDA:2,(anonymous_9)
DA:9,2
DA:10,2
DA:11,2
DA:13,2
DA:17,5
DA:18,5
DA:20,5
DA:21,8
DA:22,8
DA:23,0
DA:28,8
DA:30,8
DA:33,5
DA:34,3
DA:36,5
DA:37,2
DA:39,2
DA:42,5
DA:43,2
DA:45,2
DA:48,5
DA:49,1
DA:50,2
DA:53,1
DA:56,5
DA:57,1
DA:58,2
DA:61,1
DA:64,5
DA:74,2
LF:30
LH:29
BRDA:13,0,0,5
BRDA:14,1,0,5
BRF:2
BRH:2
end_of_record
TN:
SF:src/core/createBot.ts
FN:4,(anonymous_0)
FN:7,(anonymous_1)
FN:19,(anonymous_2)
FNF:3
FNH:3
FNDA:13,(anonymous_0)
FNDA:5,(anonymous_1)
FNDA:3,(anonymous_2)
DA:1,3
DA:4,3
DA:5,13
DA:7,13
DA:8,5
DA:9,5
DA:11,2
DA:12,1
DA:14,1
DA:19,13
DA:20,3
DA:23,13
DA:26,3
LF:13
LH:13
BRDA:11,0,0,1
BRDA:11,0,1,1
BRF:2
BRH:2
end_of_record
TN:
SF:src/core/sender.ts
FN:9,(anonymous_0)
FN:14,(anonymous_1)
FN:20,(anonymous_2)
FN:51,(anonymous_3)
FN:64,(anonymous_4)
FN:77,(anonymous_5)
FN:98,(anonymous_6)
FNF:7
FNH:7
FNDA:19,(anonymous_0)
FNDA:13,(anonymous_1)
FNDA:5,(anonymous_2)
FNDA:2,(anonymous_3)
FNDA:2,(anonymous_4)
FNDA:3,(anonymous_5)
FNDA:2,(anonymous_6)
DA:9,3
DA:14,19
DA:15,13
DA:17,13
DA:20,19
DA:27,5
DA:28,1
DA:30,1
DA:33,4
DA:35,4
DA:36,1
DA:38,1
DA:41,3
DA:46,3
DA:47,1
DA:51,19
DA:55,2
DA:57,2
DA:58,1
DA:61,1
DA:64,19
DA:68,2
DA:70,2
DA:71,1
DA:74,1
DA:77,19
DA:83,3
DA:85,3
DA:86,1
DA:89,2
DA:98,19
DA:102,2
DA:104,2
DA:105,1
DA:108,1
DA:111,19
DA:120,3
LF:37
LH:37
BRDA:23,0,0,5
BRDA:24,1,0,4
BRDA:25,2,0,4
BRDA:27,3,0,1
BRDA:27,3,1,4
BRDA:27,4,0,5
BRDA:27,4,1,1
BRDA:35,5,0,1
BRDA:35,5,1,3
BRDA:43,6,0,3
BRDA:43,6,1,1
BRDA:46,7,0,1
BRDA:46,7,1,2
BRDA:57,8,0,1
BRDA:57,8,1,1
BRDA:70,9,0,1
BRDA:70,9,1,1
BRDA:81,10,0,2
BRDA:85,11,0,1
BRDA:85,11,1,2
BRDA:94,12,0,1
BRDA:94,12,1,1
BRDA:104,13,0,1
BRDA:104,13,1,1
BRF:24
BRH:24
end_of_record
TN:
SF:src/input/inputStateManager.ts
FN:3,(anonymous_0)
FN:9,(anonymous_1)
FN:11,(anonymous_2)
FN:15,(anonymous_3)
FN:19,(anonymous_4)
FNF:5
FNH:5
FNDA:4,(anonymous_0)
FNDA:2,(anonymous_1)
FNDA:3,(anonymous_2)
FNDA:1,(anonymous_3)
FNDA:3,(anonymous_4)
DA:3,2
DA:7,4
DA:9,4
DA:11,4
DA:12,3
DA:15,4
DA:16,1
DA:19,4
DA:21,4
DA:24,2
LF:10
LH:10
BRF:0
BRH:0
end_of_record
TN:
SF:src/input/inputValidator.ts
FN:6,(anonymous_0)
FN:8,(anonymous_1)
FN:15,(anonymous_2)
FN:18,(anonymous_3)
FNF:4
FNH:4
FNDA:4,(anonymous_0)
FNDA:3,(anonymous_1)
FNDA:8,(anonymous_2)
FNDA:15,(anonymous_3)
DA:6,4
DA:8,2
DA:10,3
DA:15,2
DA:18,15
DA:20,8
DA:21,1
DA:28,7
DA:29,7
DA:31,7
DA:36,7
DA:37,13
DA:38,1
DA:45,6
DA:46,1
DA:52,5
DA:62,2
DA:63,2
DA:64,2
LF:19
LH:19
BRDA:20,0,0,1
BRDA:20,0,1,7
BRDA:28,1,0,5
BRDA:28,1,1,2
BRDA:29,2,0,5
BRDA:29,2,1,2
BRDA:37,3,0,1
BRDA:37,3,1,12
BRDA:37,4,0,13
BRDA:37,4,1,9
BRDA:45,5,0,1
BRDA:45,5,1,5
BRDA:45,6,0,6
BRDA:45,6,1,2
BRF:14
BRH:14
end_of_record
TN:
SF:src/menu/actionRouter.ts
FN:7,(anonymous_0)
FN:13,(anonymous_1)
FNF:2
FNH:2
FNDA:1,(anonymous_0)
FNDA:3,(anonymous_1)
DA:7,2
DA:13,1
DA:17,3
DA:19,3
DA:20,1
DA:23,2
DA:26,1
DA:29,2
LF:8
LH:8
BRDA:19,0,0,1
BRDA:19,0,1,2
BRF:2
BRH:2
end_of_record
TN:
SF:src/menu/callbackEncoder.ts
FN:3,(anonymous_0)
FN:14,(anonymous_1)
FN:34,(anonymous_2)
FNF:3
FNH:3
FNDA:1,(anonymous_0)
FNDA:4,(anonymous_1)
FNDA:5,(anonymous_2)
DA:3,2
DA:6,1
DA:7,1
DA:9,1
DA:10,3
DA:11,3
DA:14,1
DA:15,4
DA:17,4
DA:18,7
DA:19,0
DA:22,7
DA:24,7
DA:25,1
DA:28,6
DA:31,4
DA:34,1
DA:35,5
DA:36,5
DA:37,4
DA:38,4
DA:40,4
DA:41,5
DA:43,5
DA:44,2
DA:47,3
DA:49,3
DA:52,4
DA:53,2
DA:56,2
DA:58,1
DA:62,1
DA:65,2
LF:33
LH:32
BRDA:18,0,0,0
BRDA:18,0,1,7
BRDA:24,1,0,1
BRDA:24,1,1,6
BRDA:43,2,0,2
BRDA:43,2,1,3
BRDA:52,3,0,2
BRDA:52,3,1,2
BRF:8
BRH:7
end_of_record
TN:
SF:src/menu/keyboardBuilder.ts
FN:10,(anonymous_0)
FN:13,(anonymous_1)
FN:16,(anonymous_2)
FN:20,(anonymous_3)
FNF:4
FNH:4
FNDA:5,(anonymous_0)
FNDA:10,(anonymous_1)
FNDA:5,(anonymous_2)
FNDA:4,(anonymous_3)
DA:1,2
DA:10,2
DA:13,5
DA:14,10
DA:16,5
DA:20,5
DA:24,5
DA:25,2
DA:28,3
DA:39,3
DA:42,5
DA:45,2
LF:12
LH:12
BRDA:24,0,0,2
BRDA:24,0,1,3
BRDA:30,1,0,3
BRDA:30,1,1,2
BRDA:34,2,0,3
BRDA:34,2,1,2
BRF:6
BRH:6
end_of_record
TN:
SF:src/menu/menuRouter.ts
FN:7,(anonymous_0)
FN:13,(anonymous_1)
FNF:2
FNH:2
FNDA:1,(anonymous_0)
FNDA:3,(anonymous_1)
DA:7,2
DA:13,1
DA:17,3
DA:19,3
DA:20,1
DA:23,2
DA:26,1
DA:29,2
LF:8
LH:8
BRDA:19,0,0,1
BRDA:19,0,1,2
BRF:2
BRH:2
end_of_record
TN:
SF:src/menu/navigationSchema.ts
FN:6,(anonymous_0)
FN:12,(anonymous_1)
FN:31,(anonymous_2)
FNF:3
FNH:3
FNDA:1,(anonymous_0)
FNDA:6,(anonymous_1)
FNDA:3,(anonymous_2)
DA:6,2
DA:12,1
DA:16,6
DA:18,6
DA:19,1
DA:22,5
DA:23,6
DA:24,2
DA:28,3
DA:31,1
DA:35,3
DA:37,3
DA:38,1
DA:41,2
DA:43,2
DA:44,1
DA:46,1
DA:47,1
DA:52,2
DA:58,1
DA:61,2
LF:21
LH:21
BRDA:18,0,0,1
BRDA:18,0,1,5
BRDA:23,1,0,2
BRDA:23,1,1,4
BRDA:37,2,0,1
BRDA:37,2,1,2
BRDA:46,3,0,1
BRDA:46,3,1,0
BRF:8
BRH:7
end_of_record
TN:
SF:src/message/deleteMessageList.ts
FN:3,(anonymous_0)
FNF:1
FNH:1
FNDA:4,(anonymous_0)
DA:3,2
DA:9,4
DA:10,7
DA:11,7
DA:14,2
DA:16,2
DA:25,2
LF:7
LH:7
BRDA:14,0,0,1
BRDA:14,0,1,1
BRF:2
BRH:2
end_of_record
TN:
SF:src/message/markdownV2.ts
FN:22,(anonymous_0)
FN:26,(anonymous_1)
FN:34,(anonymous_2)
FNF:3
FNH:3
FNDA:8,(anonymous_0)
FNDA:56,(anonymous_1)
FNDA:2,(anonymous_2)
DA:1,2
DA:22,2
DA:23,8
DA:25,8
DA:27,56
DA:34,2
DA:36,2
LF:7
LH:7
BRDA:27,0,0,22
BRDA:27,0,1,34
BRF:2
BRH:2
end_of_record
TN:
SF:src/message/messageTracker.ts
FN:3,(anonymous_0)
FN:6,(anonymous_1)
FN:9,(anonymous_2)
FN:13,(anonymous_3)
FN:17,(anonymous_4)
FN:26,(anonymous_5)
FNF:6
FNH:6
FNDA:6,(anonymous_0)
FNDA:5,(anonymous_1)
FNDA:4,(anonymous_2)
FNDA:1,(anonymous_3)
FNDA:3,(anonymous_4)
FNDA:3,(anonymous_5)
DA:3,2
DA:4,6
DA:6,6
DA:7,5
DA:9,6
DA:10,4
DA:13,6
DA:14,1
DA:17,6
DA:18,3
DA:20,3
DA:22,3
DA:23,2
DA:26,3
DA:29,6
DA:32,2
LF:16
LH:16
BRDA:7,0,0,5
BRDA:7,0,1,4
BRDA:18,1,0,3
BRDA:18,1,1,1
BRDA:22,2,0,2
BRDA:22,2,1,1
BRF:6
BRH:6
end_of_record
TN:
SF:src/message/splitMessage.ts
FN:3,(anonymous_0)
FNF:1
FNH:1
FNDA:7,(anonymous_0)
DA:1,2
DA:3,2
DA:7,7
DA:8,2
DA:11,5
DA:12,5
DA:13,5
DA:15,5
DA:16,22
DA:18,22
DA:19,9
DA:20,8
DA:21,8
DA:24,9
DA:25,2
DA:27,7
DA:30,13
DA:34,5
DA:35,5
DA:38,5
DA:41,2
LF:21
LH:21
BRDA:5,0,0,2
BRDA:7,1,0,2
BRDA:7,1,1,5
BRDA:18,2,0,9
BRDA:18,2,1,13
BRDA:19,3,0,8
BRDA:19,3,1,1
BRDA:24,4,0,2
BRDA:24,4,1,7
BRDA:34,5,0,5
BRDA:34,5,1,0
BRF:11
BRH:10
end_of_record
TN:
SF:src/utils/constants.ts
FNF:0
FNH:0
DA:1,3
DA:2,3
DA:3,3
DA:6,3
DA:7,3
DA:8,3
LF:6
LH:6
BRF:0
BRH:0
end_of_record
TN:
SF:src/utils/pause.ts
FN:1,(anonymous_0)
FN:2,(anonymous_1)
FNF:2
FNH:2
FNDA:3,(anonymous_0)
FNDA:3,(anonymous_1)
DA:1,3
DA:2,3
DA:4,3
LF:3
LH:3
BRF:0
BRH:0
end_of_record
